Using pre-set license
Built from '2021.1/staging' branch; Version is '2021.1.3f1 (4bef613afd59) revision 4976481'; Using compiler version '192528614'; Build Type 'Release'
OS: 'Windows 10 Pro; OS build 19042.985; Version 2009; 64bit' Language: 'pt' Physical Memory: 16318 MB
BatchMode: 1, IsHumanControllingUs: 0, StartBugReporterOnCrash: 0, Is64bit: 1, IsPro: 0

 COMMAND LINE ARGUMENTS:
C:\Program Files\Unity\Hub\Editor\2021.1.3f1\Editor\Unity.exe
-adb2
-batchMode
-noUpm
-name
AssetImportWorker0
-projectPath
C:/Users/djona/OneDrive/Documentos/GitHub/Exo-PI-Game
-logFile
Logs/AssetImportWorker0.log
-srvPort
55672
Successfully changed project path to: C:/Users/djona/OneDrive/Documentos/GitHub/Exo-PI-Game
C:/Users/djona/OneDrive/Documentos/GitHub/Exo-PI-Game
Using Asset Import Pipeline V2.
Refreshing native plugins compatible for Editor in 115.82 ms, found 1 plugins.
Preloading 0 native plugins for Editor in 0.00 ms.
Initialize engine version: 2021.1.3f1 (4bef613afd59)
[Subsystems] Discovering subsystems at path C:/Program Files/Unity/Hub/Editor/2021.1.3f1/Editor/Data/Resources/UnitySubsystems
[Subsystems] Discovering subsystems at path C:/Users/djona/OneDrive/Documentos/GitHub/Exo-PI-Game/Assets
GfxDevice: creating device client; threaded=0; jobified=0
Direct3D:
    Version:  Direct3D 11.0 [level 11.1]
    Renderer: Radeon RX 580 Series (ID=0x67df)
    Vendor:   ATI
    VRAM:     8171 MB
    Driver:   27.20.12033.2007
Initialize mono
Mono path[0] = 'C:/Program Files/Unity/Hub/Editor/2021.1.3f1/Editor/Data/Managed'
Mono path[1] = 'C:/Program Files/Unity/Hub/Editor/2021.1.3f1/Editor/Data/MonoBleedingEdge/lib/mono/unityjit'
Mono config path = 'C:/Program Files/Unity/Hub/Editor/2021.1.3f1/Editor/Data/MonoBleedingEdge/etc'
Using monoOptions --debugger-agent=transport=dt_socket,embedding=1,server=y,suspend=n,address=127.0.0.1:56432
Begin MonoManager ReloadAssembly
Registering precompiled unity dll's ...
Register platform support module: C:/Program Files/Unity/Hub/Editor/2021.1.3f1/Editor/Data/PlaybackEngines/WindowsStandaloneSupport/UnityEditor.WindowsStandalone.Extensions.dll
Registered in 0.002825 seconds.
Native extension for WindowsStandalone target not found
Refreshing native plugins compatible for Editor in 108.74 ms, found 1 plugins.
Preloading 0 native plugins for Editor in 0.00 ms.
Mono: successfully reloaded assembly
- Completed reload, in  2.188 seconds
Platform modules already initialized, skipping
Registering precompiled user dll's ...
Registered in 0.005633 seconds.
Begin MonoManager ReloadAssembly
Native extension for WindowsStandalone target not found
Refreshing native plugins compatible for Editor in 0.62 ms, found 1 plugins.
Preloading 0 native plugins for Editor in 0.00 ms.
Mono: successfully reloaded assembly
- Completed reload, in  1.358 seconds
Platform modules already initialized, skipping
========================================================================
Worker process is ready to serve import requests
Launched and connected shader compiler UnityShaderCompiler.exe after 0.31 seconds
Refreshing native plugins compatible for Editor in 0.69 ms, found 1 plugins.
Preloading 0 native plugins for Editor in 0.00 ms.
Unloading 2719 Unused Serialized files (Serialized files now loaded: 0)
System memory in use before: 103.2 MB.
System memory in use after: 103.4 MB.

Unloading 14 unused Assets to reduce memory usage. Loaded Objects now: 3174.
Total: 2.878700 ms (FindLiveObjects: 0.344600 ms CreateObjectMapping: 0.161200 ms MarkObjects: 2.295800 ms  DeleteObjects: 0.075500 ms)

========================================================================
Received Import Request.
  path: Assets/Piso_main.fbx
  artifactKey: Guid(158c7656f582259409a8904100273c8f) Importer(815301076,1909f56bfc062723c751e8b465ee728b)
Start importing Assets/Piso_main.fbx using Guid(158c7656f582259409a8904100273c8f) Importer(815301076,1909f56bfc062723c751e8b465ee728b)  -> (artifact id: '36bba3529542777430a5915092307996') in 1.121428 seconds 
========================================================================
Received Import Request.
  Time since last request: 0.000381 seconds.
  path: Assets
  artifactKey: Guid(00000000000000001000000000000000) Importer(815301076,1909f56bfc062723c751e8b465ee728b)
Start importing Assets using Guid(00000000000000001000000000000000) Importer(815301076,1909f56bfc062723c751e8b465ee728b)  -> (artifact id: 'efcc68737208a1d7a8581e190ec11b99') in 0.011940 seconds 
========================================================================
Received Import Request.
  Time since last request: 10.792719 seconds.
  path: Assets/blocagem level
  artifactKey: Guid(b82b93ee08fbbc241b2f0578cffdc485) Importer(815301076,1909f56bfc062723c751e8b465ee728b)
Start importing Assets/blocagem level using Guid(b82b93ee08fbbc241b2f0578cffdc485) Importer(815301076,1909f56bfc062723c751e8b465ee728b)  -> (artifact id: 'a4eaab6d5037b07f924f1fcc912c5a25') in 0.010434 seconds 
========================================================================
Received Import Request.
  Time since last request: 145.837175 seconds.
  path: Assets/blocagem level/Piso_main.fbx
  artifactKey: Guid(158c7656f582259409a8904100273c8f) Importer(815301076,1909f56bfc062723c751e8b465ee728b)
Start importing Assets/blocagem level/Piso_main.fbx using Guid(158c7656f582259409a8904100273c8f) Importer(815301076,1909f56bfc062723c751e8b465ee728b)  -> (artifact id: '53807d54efae1d8962a2a989ec4eecca') in 0.053796 seconds 
========================================================================
Received Import Request.
  Time since last request: 315.858031 seconds.
  path: Assets/blocagem level/centro_laboratorio.fbx
  artifactKey: Guid(133249f5f30fde04bb2ac1083ea9cb70) Importer(815301076,1909f56bfc062723c751e8b465ee728b)
Start importing Assets/blocagem level/centro_laboratorio.fbx using Guid(133249f5f30fde04bb2ac1083ea9cb70) Importer(815301076,1909f56bfc062723c751e8b465ee728b)  -> (artifact id: 'd62ef1e69d0f5248eff97aff137ababe') in 0.134241 seconds 
========================================================================
Received Import Request.
  Time since last request: 259.886609 seconds.
  path: Assets/_Scenes
  artifactKey: Guid(fc4b07d51066c39478074abfbfa0e593) Importer(815301076,1909f56bfc062723c751e8b465ee728b)
Start importing Assets/_Scenes using Guid(fc4b07d51066c39478074abfbfa0e593) Importer(815301076,1909f56bfc062723c751e8b465ee728b)  -> (artifact id: 'd535ca04a09c6f143bfe02f3f91aa7ae') in 0.016476 seconds 
========================================================================
Received Import Request.
  Time since last request: 203.440406 seconds.
  path: Assets/blocagem level/nave desativada.fbx
  artifactKey: Guid(3e8e7e912c9b29841bd6072b83edff27) Importer(815301076,1909f56bfc062723c751e8b465ee728b)
Start importing Assets/blocagem level/nave desativada.fbx using Guid(3e8e7e912c9b29841bd6072b83edff27) Importer(815301076,1909f56bfc062723c751e8b465ee728b)  -> (artifact id: '865161eaaa44e0bc9d4e732f60005662') in 0.409528 seconds 
========================================================================
Received Prepare
Registering precompiled user dll's ...
Registered in 0.005665 seconds.
Begin MonoManager ReloadAssembly
Native extension for WindowsStandalone target not found
Refreshing native plugins compatible for Editor in 1.51 ms, found 1 plugins.
Preloading 0 native plugins for Editor in 0.00 ms.
Mono: successfully reloaded assembly
- Completed reload, in  1.818 seconds
Platform modules already initialized, skipping
Refreshing native plugins compatible for Editor in 1.11 ms, found 1 plugins.
Preloading 0 native plugins for Editor in 0.00 ms.
Unloading 2711 Unused Serialized files (Serialized files now loaded: 0)
System memory in use before: 106.9 MB.
System memory in use after: 107.1 MB.

Unloading 9 unused Assets to reduce memory usage. Loaded Objects now: 3220.
Total: 3.685700 ms (FindLiveObjects: 0.448300 ms CreateObjectMapping: 0.301600 ms MarkObjects: 2.897500 ms  DeleteObjects: 0.035900 ms)

========================================================================
Received Prepare
Registering precompiled user dll's ...
Registered in 0.007326 seconds.
Begin MonoManager ReloadAssembly
Native extension for WindowsStandalone target not found
Refreshing native plugins compatible for Editor in 1.12 ms, found 1 plugins.
Preloading 0 native plugins for Editor in 0.00 ms.
Mono: successfully reloaded assembly
- Completed reload, in  1.822 seconds
Platform modules already initialized, skipping
Refreshing native plugins compatible for Editor in 1.17 ms, found 1 plugins.
Preloading 0 native plugins for Editor in 0.00 ms.
Unloading 2711 Unused Serialized files (Serialized files now loaded: 0)
System memory in use before: 106.9 MB.
System memory in use after: 107.1 MB.

Unloading 9 unused Assets to reduce memory usage. Loaded Objects now: 3223.
Total: 4.451700 ms (FindLiveObjects: 0.697800 ms CreateObjectMapping: 0.377700 ms MarkObjects: 3.352700 ms  DeleteObjects: 0.021500 ms)

========================================================================
Received Prepare
Registering precompiled user dll's ...
Registered in 0.006384 seconds.
Begin MonoManager ReloadAssembly
Native extension for WindowsStandalone target not found
Refreshing native plugins compatible for Editor in 1.28 ms, found 1 plugins.
Preloading 0 native plugins for Editor in 0.00 ms.
Mono: successfully reloaded assembly
- Completed reload, in  1.392 seconds
Platform modules already initialized, skipping
Refreshing native plugins compatible for Editor in 0.71 ms, found 1 plugins.
Preloading 0 native plugins for Editor in 0.00 ms.
Unloading 2711 Unused Serialized files (Serialized files now loaded: 0)
System memory in use before: 106.9 MB.
System memory in use after: 107.2 MB.

Unloading 9 unused Assets to reduce memory usage. Loaded Objects now: 3226.
Total: 3.107200 ms (FindLiveObjects: 0.392400 ms CreateObjectMapping: 0.222400 ms MarkObjects: 2.469800 ms  DeleteObjects: 0.020600 ms)

========================================================================
Received Import Request.
  Time since last request: 2063.959281 seconds.
  path: Assets/blocagem level/partes_laboratorio_centro.fbx
  artifactKey: Guid(6e2f7ecc9b32054408c8d09927ae189c) Importer(815301076,1909f56bfc062723c751e8b465ee728b)
Start importing Assets/blocagem level/partes_laboratorio_centro.fbx using Guid(6e2f7ecc9b32054408c8d09927ae189c) Importer(815301076,1909f56bfc062723c751e8b465ee728b)  -> (artifact id: '61dfafb1ff2793a6e318b307a1c89482') in 0.143845 seconds 
========================================================================
Received Prepare
Registering precompiled user dll's ...
Registered in 0.007089 seconds.
Begin MonoManager ReloadAssembly
Native extension for WindowsStandalone target not found
Refreshing native plugins compatible for Editor in 1.12 ms, found 1 plugins.
Preloading 0 native plugins for Editor in 0.00 ms.
Mono: successfully reloaded assembly
- Completed reload, in  1.277 seconds
Platform modules already initialized, skipping
Refreshing native plugins compatible for Editor in 1.01 ms, found 1 plugins.
Preloading 0 native plugins for Editor in 0.00 ms.
Unloading 2711 Unused Serialized files (Serialized files now loaded: 0)
System memory in use before: 107.0 MB.
System memory in use after: 107.2 MB.

Unloading 9 unused Assets to reduce memory usage. Loaded Objects now: 3230.
Total: 2.903800 ms (FindLiveObjects: 0.341400 ms CreateObjectMapping: 0.111400 ms MarkObjects: 2.422800 ms  DeleteObjects: 0.026200 ms)

========================================================================
Received Import Request.
  Time since last request: 241.344152 seconds.
  path: Assets/blocagem level/partes_laboratorio_centro.fbx
  artifactKey: Guid(6e2f7ecc9b32054408c8d09927ae189c) Importer(815301076,1909f56bfc062723c751e8b465ee728b)
Start importing Assets/blocagem level/partes_laboratorio_centro.fbx using Guid(6e2f7ecc9b32054408c8d09927ae189c) Importer(815301076,1909f56bfc062723c751e8b465ee728b)  -> (artifact id: 'd1fdbd24623dc0b73a24128f916533f0') in 0.199854 seconds 
========================================================================
Received Prepare
Registering precompiled user dll's ...
Registered in 0.006543 seconds.
Begin MonoManager ReloadAssembly
Native extension for WindowsStandalone target not found
Refreshing native plugins compatible for Editor in 1.01 ms, found 1 plugins.
Preloading 0 native plugins for Editor in 0.00 ms.
Mono: successfully reloaded assembly
- Completed reload, in  1.356 seconds
Platform modules already initialized, skipping
Refreshing native plugins compatible for Editor in 0.68 ms, found 1 plugins.
Preloading 0 native plugins for Editor in 0.00 ms.
Unloading 2711 Unused Serialized files (Serialized files now loaded: 0)
System memory in use before: 107.0 MB.
System memory in use after: 107.2 MB.

Unloading 9 unused Assets to reduce memory usage. Loaded Objects now: 3234.
Total: 3.515800 ms (FindLiveObjects: 0.375100 ms CreateObjectMapping: 0.134500 ms MarkObjects: 2.983700 ms  DeleteObjects: 0.020400 ms)

========================================================================
Received Import Request.
  Time since last request: 268.286860 seconds.
  path: Assets/blocagem level/parede1.fbx
  artifactKey: Guid(4f8e33180dc85b245b6b2a57e0604053) Importer(815301076,1909f56bfc062723c751e8b465ee728b)
Start importing Assets/blocagem level/parede1.fbx using Guid(4f8e33180dc85b245b6b2a57e0604053) Importer(815301076,1909f56bfc062723c751e8b465ee728b)  -> (artifact id: '5d4bbef4446d3581077fbbdfef4d13a9') in 0.131075 seconds 
========================================================================
Received Prepare
Registering precompiled user dll's ...
Registered in 0.006396 seconds.
Begin MonoManager ReloadAssembly
Native extension for WindowsStandalone target not found
Refreshing native plugins compatible for Editor in 0.83 ms, found 1 plugins.
Preloading 0 native plugins for Editor in 0.00 ms.
Mono: successfully reloaded assembly
- Completed reload, in  1.407 seconds
Platform modules already initialized, skipping
Refreshing native plugins compatible for Editor in 1.15 ms, found 1 plugins.
Preloading 0 native plugins for Editor in 0.00 ms.
Unloading 2711 Unused Serialized files (Serialized files now loaded: 0)
System memory in use before: 107.0 MB.
System memory in use after: 107.3 MB.

Unloading 9 unused Assets to reduce memory usage. Loaded Objects now: 3238.
Total: 4.448700 ms (FindLiveObjects: 0.354900 ms CreateObjectMapping: 0.173300 ms MarkObjects: 3.896000 ms  DeleteObjects: 0.022500 ms)

========================================================================
Received Prepare
Registering precompiled user dll's ...
Registered in 0.005166 seconds.
Begin MonoManager ReloadAssembly
Native extension for WindowsStandalone target not found
Refreshing native plugins compatible for Editor in 0.82 ms, found 1 plugins.
Preloading 0 native plugins for Editor in 0.00 ms.
Mono: successfully reloaded assembly
- Completed reload, in  1.600 seconds
Platform modules already initialized, skipping
Refreshing native plugins compatible for Editor in 0.67 ms, found 1 plugins.
Preloading 0 native plugins for Editor in 0.00 ms.
Unloading 2711 Unused Serialized files (Serialized files now loaded: 0)
System memory in use before: 107.0 MB.
System memory in use after: 107.3 MB.

Unloading 9 unused Assets to reduce memory usage. Loaded Objects now: 3241.
Total: 3.476800 ms (FindLiveObjects: 0.498600 ms CreateObjectMapping: 0.367000 ms MarkObjects: 2.589400 ms  DeleteObjects: 0.019600 ms)

========================================================================
Received Prepare
Registering precompiled user dll's ...
Registered in 0.007938 seconds.
Begin MonoManager ReloadAssembly
Native extension for WindowsStandalone target not found
Refreshing native plugins compatible for Editor in 1.07 ms, found 1 plugins.
Preloading 0 native plugins for Editor in 0.00 ms.
Mono: successfully reloaded assembly
- Completed reload, in  1.730 seconds
Platform modules already initialized, skipping
Refreshing native plugins compatible for Editor in 1.38 ms, found 1 plugins.
Preloading 0 native plugins for Editor in 0.00 ms.
Unloading 2711 Unused Serialized files (Serialized files now loaded: 0)
System memory in use before: 107.0 MB.
System memory in use after: 107.3 MB.

Unloading 9 unused Assets to reduce memory usage. Loaded Objects now: 3244.
Total: 5.084300 ms (FindLiveObjects: 0.644600 ms CreateObjectMapping: 0.359000 ms MarkObjects: 4.053700 ms  DeleteObjects: 0.024900 ms)

========================================================================
Received Prepare
Registering precompiled user dll's ...
Registered in 0.005816 seconds.
Begin MonoManager ReloadAssembly
Native extension for WindowsStandalone target not found
Refreshing native plugins compatible for Editor in 0.77 ms, found 1 plugins.
Preloading 0 native plugins for Editor in 0.00 ms.
Mono: successfully reloaded assembly
- Completed reload, in  1.224 seconds
Platform modules already initialized, skipping
Refreshing native plugins compatible for Editor in 0.69 ms, found 1 plugins.
Preloading 0 native plugins for Editor in 0.00 ms.
Unloading 2711 Unused Serialized files (Serialized files now loaded: 0)
System memory in use before: 107.1 MB.
System memory in use after: 107.3 MB.

Unloading 9 unused Assets to reduce memory usage. Loaded Objects now: 3247.
Total: 2.600200 ms (FindLiveObjects: 0.302800 ms CreateObjectMapping: 0.088600 ms MarkObjects: 2.186100 ms  DeleteObjects: 0.020100 ms)

========================================================================
Received Prepare
Registering precompiled user dll's ...
Registered in 0.007979 seconds.
Begin MonoManager ReloadAssembly
Native extension for WindowsStandalone target not found
Refreshing native plugins compatible for Editor in 1.35 ms, found 1 plugins.
Preloading 0 native plugins for Editor in 0.00 ms.
Mono: successfully reloaded assembly
- Completed reload, in  1.727 seconds
Platform modules already initialized, skipping
Refreshing native plugins compatible for Editor in 1.07 ms, found 1 plugins.
Preloading 0 native plugins for Editor in 0.00 ms.
Unloading 2711 Unused Serialized files (Serialized files now loaded: 0)
System memory in use before: 107.1 MB.
System memory in use after: 107.3 MB.

Unloading 9 unused Assets to reduce memory usage. Loaded Objects now: 3250.
Total: 3.496900 ms (FindLiveObjects: 0.364500 ms CreateObjectMapping: 0.213900 ms MarkObjects: 2.895700 ms  DeleteObjects: 0.021100 ms)

========================================================================
Received Prepare
Registering precompiled user dll's ...
Registered in 0.005231 seconds.
Begin MonoManager ReloadAssembly
Native extension for WindowsStandalone target not found
Refreshing native plugins compatible for Editor in 1.08 ms, found 1 plugins.
Preloading 0 native plugins for Editor in 0.00 ms.
Mono: successfully reloaded assembly
- Completed reload, in  1.743 seconds
Platform modules already initialized, skipping
Refreshing native plugins compatible for Editor in 1.41 ms, found 1 plugins.
Preloading 0 native plugins for Editor in 0.00 ms.
Unloading 2711 Unused Serialized files (Serialized files now loaded: 0)
System memory in use before: 107.1 MB.
System memory in use after: 107.3 MB.

Unloading 9 unused Assets to reduce memory usage. Loaded Objects now: 3253.
Total: 7.413800 ms (FindLiveObjects: 0.468100 ms CreateObjectMapping: 0.384400 ms MarkObjects: 6.526600 ms  DeleteObjects: 0.030900 ms)

========================================================================
Received Prepare
Registering precompiled user dll's ...
Registered in 0.004916 seconds.
Begin MonoManager ReloadAssembly
Native extension for WindowsStandalone target not found
Refreshing native plugins compatible for Editor in 1.07 ms, found 1 plugins.
Preloading 0 native plugins for Editor in 0.00 ms.
Mono: successfully reloaded assembly
- Completed reload, in  1.617 seconds
Platform modules already initialized, skipping
Refreshing native plugins compatible for Editor in 1.04 ms, found 1 plugins.
Preloading 0 native plugins for Editor in 0.00 ms.
Unloading 2711 Unused Serialized files (Serialized files now loaded: 0)
System memory in use before: 107.1 MB.
System memory in use after: 107.3 MB.

Unloading 9 unused Assets to reduce memory usage. Loaded Objects now: 3256.
Total: 3.959600 ms (FindLiveObjects: 0.548200 ms CreateObjectMapping: 0.326800 ms MarkObjects: 3.064000 ms  DeleteObjects: 0.018600 ms)

========================================================================
Received Import Request.
  Time since last request: 2333.181114 seconds.
  path: Assets/blocagem level/sala1.fbx
  artifactKey: Guid(ce60f0ded6f979a4d94df6899b38c5c1) Importer(815301076,1909f56bfc062723c751e8b465ee728b)
Start importing Assets/blocagem level/sala1.fbx using Guid(ce60f0ded6f979a4d94df6899b38c5c1) Importer(815301076,1909f56bfc062723c751e8b465ee728b)  -> (artifact id: '7f1ac2253e771180ba8b83edaff12cdd') in 0.422041 seconds 
========================================================================
Received Import Request.
  Time since last request: 1194.695313 seconds.
  path: Assets/blocagem level/sala1.fbx
  artifactKey: Guid(ce60f0ded6f979a4d94df6899b38c5c1) Importer(815301076,1909f56bfc062723c751e8b465ee728b)
Start importing Assets/blocagem level/sala1.fbx using Guid(ce60f0ded6f979a4d94df6899b38c5c1) Importer(815301076,1909f56bfc062723c751e8b465ee728b)  -> (artifact id: '4ed5894d380f41305bf8dd8d9759a4c5') in 0.042659 seconds 
========================================================================
Received Prepare
Registering precompiled user dll's ...
Registered in 0.004935 seconds.
Begin MonoManager ReloadAssembly
Native extension for WindowsStandalone target not found
Refreshing native plugins compatible for Editor in 0.68 ms, found 1 plugins.
Preloading 0 native plugins for Editor in 0.00 ms.
Mono: successfully reloaded assembly
- Completed reload, in  1.538 seconds
Platform modules already initialized, skipping
Refreshing native plugins compatible for Editor in 0.75 ms, found 1 plugins.
Preloading 0 native plugins for Editor in 0.00 ms.
Unloading 2711 Unused Serialized files (Serialized files now loaded: 0)
System memory in use before: 107.1 MB.
System memory in use after: 107.3 MB.

Unloading 9 unused Assets to reduce memory usage. Loaded Objects now: 3260.
Total: 2.305800 ms (FindLiveObjects: 0.284200 ms CreateObjectMapping: 0.084100 ms MarkObjects: 1.916200 ms  DeleteObjects: 0.019600 ms)

========================================================================
Received Import Request.
  Time since last request: 427.054374 seconds.
  path: Assets/blocagem level/parede_porta_fechada.fbx
  artifactKey: Guid(bb60b5b878252ea4caa6e312b4d755f1) Importer(815301076,1909f56bfc062723c751e8b465ee728b)
Start importing Assets/blocagem level/parede_porta_fechada.fbx using Guid(bb60b5b878252ea4caa6e312b4d755f1) Importer(815301076,1909f56bfc062723c751e8b465ee728b)  -> (artifact id: 'cf32bd478e8cb89a146879cb155312f1') in 0.129754 seconds 
========================================================================
Received Import Request.
  Time since last request: 80.478775 seconds.
  path: Assets/blocagem level/parede_porta_fechada.fbx
  artifactKey: Guid(bb60b5b878252ea4caa6e312b4d755f1) Importer(815301076,1909f56bfc062723c751e8b465ee728b)
Start importing Assets/blocagem level/parede_porta_fechada.fbx using Guid(bb60b5b878252ea4caa6e312b4d755f1) Importer(815301076,1909f56bfc062723c751e8b465ee728b)  -> (artifact id: 'f359bb579851ebf557f2cc09d6d7d807') in 0.032012 seconds 
========================================================================
Received Prepare
Registering precompiled user dll's ...
Registered in 0.004058 seconds.
Begin MonoManager ReloadAssembly
Native extension for WindowsStandalone target not found
Refreshing native plugins compatible for Editor in 1.05 ms, found 1 plugins.
Preloading 0 native plugins for Editor in 0.00 ms.
Mono: successfully reloaded assembly
- Completed reload, in  1.464 seconds
Platform modules already initialized, skipping
Refreshing native plugins compatible for Editor in 0.71 ms, found 1 plugins.
Preloading 0 native plugins for Editor in 0.00 ms.
Unloading 2711 Unused Serialized files (Serialized files now loaded: 0)
System memory in use before: 107.1 MB.
System memory in use after: 107.3 MB.

Unloading 9 unused Assets to reduce memory usage. Loaded Objects now: 3264.
Total: 3.169900 ms (FindLiveObjects: 0.316700 ms CreateObjectMapping: 0.160600 ms MarkObjects: 2.666700 ms  DeleteObjects: 0.023900 ms)

========================================================================
Received Import Request.
  Time since last request: 120.076087 seconds.
  path: Assets/blocagem level/sala2.fbx
  artifactKey: Guid(fffbf9898ec4edb4d87376e81923c063) Importer(815301076,1909f56bfc062723c751e8b465ee728b)
Start importing Assets/blocagem level/sala2.fbx using Guid(fffbf9898ec4edb4d87376e81923c063) Importer(815301076,1909f56bfc062723c751e8b465ee728b)  -> (artifact id: '8811e7db02a2be81cc0ecaef0f3997c1') in 0.138101 seconds 
========================================================================
Received Prepare
Registering precompiled user dll's ...
Registered in 0.004742 seconds.
Begin MonoManager ReloadAssembly
Native extension for WindowsStandalone target not found
Refreshing native plugins compatible for Editor in 0.69 ms, found 1 plugins.
Preloading 0 native plugins for Editor in 0.00 ms.
Mono: successfully reloaded assembly
- Completed reload, in  1.396 seconds
Platform modules already initialized, skipping
Refreshing native plugins compatible for Editor in 0.69 ms, found 1 plugins.
Preloading 0 native plugins for Editor in 0.00 ms.
Unloading 2711 Unused Serialized files (Serialized files now loaded: 0)
System memory in use before: 107.1 MB.
System memory in use after: 107.3 MB.

Unloading 9 unused Assets to reduce memory usage. Loaded Objects now: 3268.
Total: 2.834900 ms (FindLiveObjects: 0.284600 ms CreateObjectMapping: 0.076900 ms MarkObjects: 2.438900 ms  DeleteObjects: 0.032600 ms)

========================================================================
Received Import Request.
  Time since last request: 206.338774 seconds.
  path: Assets/blocagem level/sala2 1.fbx
  artifactKey: Guid(b16b368763d359e4f930ba17e73730bf) Importer(815301076,1909f56bfc062723c751e8b465ee728b)
Start importing Assets/blocagem level/sala2 1.fbx using Guid(b16b368763d359e4f930ba17e73730bf) Importer(815301076,1909f56bfc062723c751e8b465ee728b)  -> (artifact id: 'aed906b2fb27c5c774ba731be2f0995e') in 0.135772 seconds 
========================================================================
Received Import Request.
  Time since last request: 15.074288 seconds.
  path: Assets/blocagem level/teto.fbx
  artifactKey: Guid(967e7eaa4dd517145a8bb89b44c94366) Importer(815301076,1909f56bfc062723c751e8b465ee728b)
Start importing Assets/blocagem level/teto.fbx using Guid(967e7eaa4dd517145a8bb89b44c94366) Importer(815301076,1909f56bfc062723c751e8b465ee728b)  -> (artifact id: 'c055035aed4e0df83127cce0e6e10b77') in 0.031785 seconds 
========================================================================
Received Prepare
Registering precompiled user dll's ...
Registered in 0.006192 seconds.
Begin MonoManager ReloadAssembly
Native extension for WindowsStandalone target not found
Refreshing native plugins compatible for Editor in 0.71 ms, found 1 plugins.
Preloading 0 native plugins for Editor in 0.00 ms.
Mono: successfully reloaded assembly
- Completed reload, in  1.345 seconds
Platform modules already initialized, skipping
Refreshing native plugins compatible for Editor in 0.69 ms, found 1 plugins.
Preloading 0 native plugins for Editor in 0.00 ms.
Unloading 2711 Unused Serialized files (Serialized files now loaded: 0)
System memory in use before: 107.1 MB.
System memory in use after: 107.4 MB.

Unloading 9 unused Assets to reduce memory usage. Loaded Objects now: 3272.
Total: 2.473000 ms (FindLiveObjects: 0.368400 ms CreateObjectMapping: 0.163700 ms MarkObjects: 1.919800 ms  DeleteObjects: 0.019300 ms)

========================================================================
Received Prepare
Registering precompiled user dll's ...
Registered in 0.005328 seconds.
Begin MonoManager ReloadAssembly
Native extension for WindowsStandalone target not found
Refreshing native plugins compatible for Editor in 0.62 ms, found 1 plugins.
Preloading 0 native plugins for Editor in 0.00 ms.
Mono: successfully reloaded assembly
- Completed reload, in  1.517 seconds
Platform modules already initialized, skipping
Refreshing native plugins compatible for Editor in 0.76 ms, found 1 plugins.
Preloading 0 native plugins for Editor in 0.00 ms.
Unloading 2711 Unused Serialized files (Serialized files now loaded: 0)
System memory in use before: 107.1 MB.
System memory in use after: 107.4 MB.

Unloading 9 unused Assets to reduce memory usage. Loaded Objects now: 3275.
Total: 2.395300 ms (FindLiveObjects: 0.377500 ms CreateObjectMapping: 0.149500 ms MarkObjects: 1.847700 ms  DeleteObjects: 0.018600 ms)

========================================================================
Received Import Request.
  Time since last request: 1654.948957 seconds.
  path: Assets/blocagem level/New Material.mat
  artifactKey: Guid(23fd0ba66fc15604cb1b9e7e08f239bb) Importer(815301076,1909f56bfc062723c751e8b465ee728b)
Start importing Assets/blocagem level/New Material.mat using Guid(23fd0ba66fc15604cb1b9e7e08f239bb) Importer(815301076,1909f56bfc062723c751e8b465ee728b)  -> (artifact id: 'fb107fa758d4723c964b6c5ec4a190a1') in 0.143248 seconds 
========================================================================
Received Prepare
Registering precompiled user dll's ...
Registered in 0.004850 seconds.
Begin MonoManager ReloadAssembly
Native extension for WindowsStandalone target not found
Refreshing native plugins compatible for Editor in 0.70 ms, found 1 plugins.
Preloading 0 native plugins for Editor in 0.00 ms.
Mono: successfully reloaded assembly
- Completed reload, in  1.218 seconds
Platform modules already initialized, skipping
Refreshing native plugins compatible for Editor in 0.73 ms, found 1 plugins.
Preloading 0 native plugins for Editor in 0.00 ms.
Unloading 2711 Unused Serialized files (Serialized files now loaded: 0)
System memory in use before: 107.2 MB.
System memory in use after: 107.4 MB.

Unloading 9 unused Assets to reduce memory usage. Loaded Objects now: 3279.
Total: 2.918500 ms (FindLiveObjects: 0.303100 ms CreateObjectMapping: 0.146700 ms MarkObjects: 2.443900 ms  DeleteObjects: 0.022800 ms)

========================================================================
Received Prepare
Registering precompiled user dll's ...
Registered in 0.004089 seconds.
Begin MonoManager ReloadAssembly
Native extension for WindowsStandalone target not found
Refreshing native plugins compatible for Editor in 0.97 ms, found 1 plugins.
Preloading 0 native plugins for Editor in 0.00 ms.
Mono: successfully reloaded assembly
- Completed reload, in  1.391 seconds
Platform modules already initialized, skipping
Refreshing native plugins compatible for Editor in 1.14 ms, found 1 plugins.
Preloading 0 native plugins for Editor in 0.00 ms.
Unloading 2711 Unused Serialized files (Serialized files now loaded: 0)
System memory in use before: 107.3 MB.
System memory in use after: 107.5 MB.

Unloading 9 unused Assets to reduce memory usage. Loaded Objects now: 3282.
Total: 3.291400 ms (FindLiveObjects: 0.384400 ms CreateObjectMapping: 0.168300 ms MarkObjects: 2.708600 ms  DeleteObjects: 0.027900 ms)

========================================================================
Received Prepare
Registering precompiled user dll's ...
Registered in 0.006395 seconds.
Begin MonoManager ReloadAssembly
Native extension for WindowsStandalone target not found
Refreshing native plugins compatible for Editor in 0.75 ms, found 1 plugins.
Preloading 0 native plugins for Editor in 0.00 ms.
Mono: successfully reloaded assembly
- Completed reload, in  1.566 seconds
Platform modules already initialized, skipping
Refreshing native plugins compatible for Editor in 1.13 ms, found 1 plugins.
Preloading 0 native plugins for Editor in 0.00 ms.
Unloading 2711 Unused Serialized files (Serialized files now loaded: 0)
System memory in use before: 107.3 MB.
System memory in use after: 107.5 MB.

Unloading 9 unused Assets to reduce memory usage. Loaded Objects now: 3285.
Total: 3.288200 ms (FindLiveObjects: 0.362400 ms CreateObjectMapping: 0.118000 ms MarkObjects: 2.787800 ms  DeleteObjects: 0.018200 ms)

========================================================================
Received Prepare
Registering precompiled user dll's ...
Registered in 0.005209 seconds.
Begin MonoManager ReloadAssembly
Native extension for WindowsStandalone target not found
Refreshing native plugins compatible for Editor in 0.70 ms, found 1 plugins.
Preloading 0 native plugins for Editor in 0.00 ms.
Mono: successfully reloaded assembly
- Completed reload, in  1.179 seconds
Platform modules already initialized, skipping
Refreshing native plugins compatible for Editor in 0.65 ms, found 1 plugins.
Preloading 0 native plugins for Editor in 0.00 ms.
Unloading 2711 Unused Serialized files (Serialized files now loaded: 0)
System memory in use before: 107.3 MB.
System memory in use after: 107.5 MB.

Unloading 9 unused Assets to reduce memory usage. Loaded Objects now: 3288.
Total: 2.383500 ms (FindLiveObjects: 0.391100 ms CreateObjectMapping: 0.167600 ms MarkObjects: 1.804700 ms  DeleteObjects: 0.018200 ms)

========================================================================
Received Import Request.
  Time since last request: 445.437986 seconds.
  path: Assets/blocagem level/parede escura.mat
  artifactKey: Guid(23fd0ba66fc15604cb1b9e7e08f239bb) Importer(815301076,1909f56bfc062723c751e8b465ee728b)
Start importing Assets/blocagem level/parede escura.mat using Guid(23fd0ba66fc15604cb1b9e7e08f239bb) Importer(815301076,1909f56bfc062723c751e8b465ee728b)  -> (artifact id: '74bfb00673dcf7cac421457aab38e17c') in 0.109094 seconds 
========================================================================
Received Prepare
Registering precompiled user dll's ...
Registered in 0.004687 seconds.
Begin MonoManager ReloadAssembly
Native extension for WindowsStandalone target not found
Refreshing native plugins compatible for Editor in 0.69 ms, found 1 plugins.
Preloading 0 native plugins for Editor in 0.00 ms.
Mono: successfully reloaded assembly
- Completed reload, in  1.230 seconds
Platform modules already initialized, skipping
Refreshing native plugins compatible for Editor in 0.62 ms, found 1 plugins.
Preloading 0 native plugins for Editor in 0.00 ms.
Unloading 2711 Unused Serialized files (Serialized files now loaded: 0)
System memory in use before: 107.3 MB.
System memory in use after: 107.5 MB.

Unloading 9 unused Assets to reduce memory usage. Loaded Objects now: 3292.
Total: 2.551300 ms (FindLiveObjects: 0.289300 ms CreateObjectMapping: 0.102600 ms MarkObjects: 2.136900 ms  DeleteObjects: 0.020700 ms)

========================================================================
Received Prepare
Registering precompiled user dll's ...
Registered in 0.006731 seconds.
Begin MonoManager ReloadAssembly
Native extension for WindowsStandalone target not found
Refreshing native plugins compatible for Editor in 0.69 ms, found 1 plugins.
Preloading 0 native plugins for Editor in 0.00 ms.
Mono: successfully reloaded assembly
- Completed reload, in  1.535 seconds
Platform modules already initialized, skipping
Refreshing native plugins compatible for Editor in 1.14 ms, found 1 plugins.
Preloading 0 native plugins for Editor in 0.00 ms.
Unloading 2711 Unused Serialized files (Serialized files now loaded: 0)
System memory in use before: 107.3 MB.
System memory in use after: 107.5 MB.

Unloading 9 unused Assets to reduce memory usage. Loaded Objects now: 3295.
Total: 5.133500 ms (FindLiveObjects: 0.529800 ms CreateObjectMapping: 0.356700 ms MarkObjects: 4.222800 ms  DeleteObjects: 0.022100 ms)

========================================================================
Received Import Request.
  Time since last request: 833.559243 seconds.
  path: Assets/blocagem level/trajeestatico.fbx
  artifactKey: Guid(75b70008bdbbc704fa137a034321e42e) Importer(815301076,1909f56bfc062723c751e8b465ee728b)
Start importing Assets/blocagem level/trajeestatico.fbx using Guid(75b70008bdbbc704fa137a034321e42e) Importer(815301076,1909f56bfc062723c751e8b465ee728b)  -> (artifact id: '11defd49ed736496ca3796b088095e0c') in 0.168081 seconds 
========================================================================
Received Import Request.
  Time since last request: 48.245146 seconds.
  path: Assets/blocagem level/trajeestatico.fbx
  artifactKey: Guid(75b70008bdbbc704fa137a034321e42e) Importer(815301076,1909f56bfc062723c751e8b465ee728b)
Start importing Assets/blocagem level/trajeestatico.fbx using Guid(75b70008bdbbc704fa137a034321e42e) Importer(815301076,1909f56bfc062723c751e8b465ee728b)  -> (artifact id: '26651d82d8eb3279d70e787cfbe244a5') in 0.032301 seconds 
========================================================================
Received Prepare
Registering precompiled user dll's ...
Registered in 0.004643 seconds.
Begin MonoManager ReloadAssembly
Native extension for WindowsStandalone target not found
Refreshing native plugins compatible for Editor in 1.27 ms, found 1 plugins.
Preloading 0 native plugins for Editor in 0.00 ms.
Mono: successfully reloaded assembly
- Completed reload, in  1.648 seconds
Platform modules already initialized, skipping
Refreshing native plugins compatible for Editor in 1.07 ms, found 1 plugins.
Preloading 0 native plugins for Editor in 0.00 ms.
Unloading 2711 Unused Serialized files (Serialized files now loaded: 0)
System memory in use before: 107.9 MB.
System memory in use after: 108.1 MB.

Unloading 9 unused Assets to reduce memory usage. Loaded Objects now: 3299.
Total: 4.325100 ms (FindLiveObjects: 0.525700 ms CreateObjectMapping: 0.353100 ms MarkObjects: 3.421000 ms  DeleteObjects: 0.023000 ms)

========================================================================
Received Import Request.
  Time since last request: 220.301794 seconds.
  path: Assets/blocagem level/sala2.fbx
  artifactKey: Guid(fffbf9898ec4edb4d87376e81923c063) Importer(815301076,1909f56bfc062723c751e8b465ee728b)
Start importing Assets/blocagem level/sala2.fbx using Guid(fffbf9898ec4edb4d87376e81923c063) Importer(815301076,1909f56bfc062723c751e8b465ee728b)  -> (artifact id: '0d51fa9a0eff7d2ab7164c7f2248320d') in 0.128799 seconds 
========================================================================
Received Prepare
Registering precompiled user dll's ...
Registered in 0.004121 seconds.
Begin MonoManager ReloadAssembly
Native extension for WindowsStandalone target not found
Refreshing native plugins compatible for Editor in 0.69 ms, found 1 plugins.
Preloading 0 native plugins for Editor in 0.00 ms.
Mono: successfully reloaded assembly
- Completed reload, in  1.373 seconds
Platform modules already initialized, skipping
Refreshing native plugins compatible for Editor in 0.62 ms, found 1 plugins.
Preloading 0 native plugins for Editor in 0.00 ms.
Unloading 2711 Unused Serialized files (Serialized files now loaded: 0)
System memory in use before: 107.9 MB.
System memory in use after: 108.2 MB.

Unloading 9 unused Assets to reduce memory usage. Loaded Objects now: 3303.
Total: 2.964700 ms (FindLiveObjects: 0.292200 ms CreateObjectMapping: 0.106600 ms MarkObjects: 2.542200 ms  DeleteObjects: 0.022100 ms)

========================================================================
Received Prepare
Registering precompiled user dll's ...
Registered in 0.004085 seconds.
Begin MonoManager ReloadAssembly
Native extension for WindowsStandalone target not found
Refreshing native plugins compatible for Editor in 0.95 ms, found 1 plugins.
Preloading 0 native plugins for Editor in 0.00 ms.
Mono: successfully reloaded assembly
- Completed reload, in  1.637 seconds
Platform modules already initialized, skipping
Refreshing native plugins compatible for Editor in 1.18 ms, found 1 plugins.
Preloading 0 native plugins for Editor in 0.00 ms.
Unloading 2711 Unused Serialized files (Serialized files now loaded: 0)
System memory in use before: 107.9 MB.
System memory in use after: 108.2 MB.

Unloading 9 unused Assets to reduce memory usage. Loaded Objects now: 3306.
Total: 4.437700 ms (FindLiveObjects: 0.625900 ms CreateObjectMapping: 0.576900 ms MarkObjects: 3.206200 ms  DeleteObjects: 0.024600 ms)

========================================================================
Received Prepare
Registering precompiled user dll's ...
Registered in 0.004057 seconds.
Begin MonoManager ReloadAssembly
Native extension for WindowsStandalone target not found
Refreshing native plugins compatible for Editor in 1.32 ms, found 1 plugins.
Preloading 0 native plugins for Editor in 0.00 ms.
Mono: successfully reloaded assembly
- Completed reload, in  1.606 seconds
Platform modules already initialized, skipping
Refreshing native plugins compatible for Editor in 0.65 ms, found 1 plugins.
Preloading 0 native plugins for Editor in 0.00 ms.
Unloading 2711 Unused Serialized files (Serialized files now loaded: 0)
System memory in use before: 107.9 MB.
System memory in use after: 108.2 MB.

Unloading 9 unused Assets to reduce memory usage. Loaded Objects now: 3309.
Total: 3.049300 ms (FindLiveObjects: 0.325500 ms CreateObjectMapping: 0.132800 ms MarkObjects: 2.566600 ms  DeleteObjects: 0.022500 ms)

========================================================================
Received Prepare
Registering precompiled user dll's ...
Registered in 0.006718 seconds.
Begin MonoManager ReloadAssembly
Native extension for WindowsStandalone target not found
Refreshing native plugins compatible for Editor in 1.35 ms, found 1 plugins.
Preloading 0 native plugins for Editor in 0.00 ms.
Mono: successfully reloaded assembly
- Completed reload, in  1.608 seconds
Platform modules already initialized, skipping
Refreshing native plugins compatible for Editor in 1.20 ms, found 1 plugins.
Preloading 0 native plugins for Editor in 0.00 ms.
Unloading 2711 Unused Serialized files (Serialized files now loaded: 0)
System memory in use before: 107.9 MB.
System memory in use after: 108.2 MB.

Unloading 9 unused Assets to reduce memory usage. Loaded Objects now: 3312.
Total: 3.813900 ms (FindLiveObjects: 0.362700 ms CreateObjectMapping: 0.134700 ms MarkObjects: 3.291300 ms  DeleteObjects: 0.023500 ms)

========================================================================
Received Prepare
The file 'UserSettings/EditorUserSettings.asset' seems to have merge conflicts. Please open it in a text editor and fix the merge.

Trying to reload asset but can't find object on disk

Registering precompiled user dll's ...
Registered in 0.004276 seconds.
Begin MonoManager ReloadAssembly
Native extension for WindowsStandalone target not found
Refreshing native plugins compatible for Editor in 0.66 ms, found 1 plugins.
Preloading 0 native plugins for Editor in 0.00 ms.
Mono: successfully reloaded assembly
- Completed reload, in  1.261 seconds
Platform modules already initialized, skipping
Refreshing native plugins compatible for Editor in 0.62 ms, found 1 plugins.
Preloading 0 native plugins for Editor in 0.00 ms.
Unloading 2711 Unused Serialized files (Serialized files now loaded: 0)
System memory in use before: 108.1 MB.
System memory in use after: 108.3 MB.

Unloading 10 unused Assets to reduce memory usage. Loaded Objects now: 3315.
Total: 3.417300 ms (FindLiveObjects: 0.446200 ms CreateObjectMapping: 0.202200 ms MarkObjects: 2.742600 ms  DeleteObjects: 0.024100 ms)

